[2023-07-06 20:46:31] local.ERROR: SQLSTATE[HY000] [2002] Nenhuma conexão pôde ser feita porque a máquina de destino as recusou ativamente (Connection: mysql, SQL: select * from information_schema.tables where table_schema = db_api_cad_cliente and table_name = migrations and table_type = 'BASE TABLE') {"exception":"[object] (Illuminate\\Database\\QueryException(code: 2002): SQLSTATE[HY000] [2002] Nenhuma conexão pôde ser feita porque a máquina de destino as recusou ativamente (Connection: mysql, SQL: select * from information_schema.tables where table_schema = db_api_cad_cliente and table_name = migrations and table_type = 'BASE TABLE') at C:\\Users\\Zuccoli\\Desktop\\Garoto de Programa\\Trabalho\\API_REST_CAD_CLIENTE\\vendor\\laravel\\framework\\src\\Illuminate\\Database\\Connection.php:795)
[stacktrace]
#0 C:\\Users\\Zuccoli\\Desktop\\Garoto de Programa\\Trabalho\\API_REST_CAD_CLIENTE\\vendor\\laravel\\framework\\src\\Illuminate\\Database\\Connection.php(755): Illuminate\\Database\\Connection->runQueryCallback('select * from i...', Array, Object(Closure))
#1 C:\\Users\\Zuccoli\\Desktop\\Garoto de Programa\\Trabalho\\API_REST_CAD_CLIENTE\\vendor\\laravel\\framework\\src\\Illuminate\\Database\\Connection.php(407): Illuminate\\Database\\Connection->run('select * from i...', Array, Object(Closure))
#2 C:\\Users\\Zuccoli\\Desktop\\Garoto de Programa\\Trabalho\\API_REST_CAD_CLIENTE\\vendor\\laravel\\framework\\src\\Illuminate\\Database\\Connection.php(394): Illuminate\\Database\\Connection->select('select * from i...', Array, false)
#3 C:\\Users\\Zuccoli\\Desktop\\Garoto de Programa\\Trabalho\\API_REST_CAD_CLIENTE\\vendor\\laravel\\framework\\src\\Illuminate\\Database\\Schema\\MySqlBuilder.php(43): Illuminate\\Database\\Connection->selectFromWriteConnection('select * from i...', Array)
#4 C:\\Users\\Zuccoli\\Desktop\\Garoto de Programa\\Trabalho\\API_REST_CAD_CLIENTE\\vendor\\laravel\\framework\\src\\Illuminate\\Database\\Migrations\\DatabaseMigrationRepository.php(184): Illuminate\\Database\\Schema\\MySqlBuilder->hasTable('migrations')
#5 C:\\Users\\Zuccoli\\Desktop\\Garoto de Programa\\Trabalho\\API_REST_CAD_CLIENTE\\vendor\\laravel\\framework\\src\\Illuminate\\Database\\Migrations\\Migrator.php(700): Illuminate\\Database\\Migrations\\DatabaseMigrationRepository->repositoryExists()
#6 C:\\Users\\Zuccoli\\Desktop\\Garoto de Programa\\Trabalho\\API_REST_CAD_CLIENTE\\vendor\\laravel\\framework\\src\\Illuminate\\Database\\Console\\Migrations\\MigrateCommand.php(138): Illuminate\\Database\\Migrations\\Migrator->repositoryExists()
#7 C:\\Users\\Zuccoli\\Desktop\\Garoto de Programa\\Trabalho\\API_REST_CAD_CLIENTE\\vendor\\laravel\\framework\\src\\Illuminate\\Support\\helpers.php(248): Illuminate\\Database\\Console\\Migrations\\MigrateCommand->Illuminate\\Database\\Console\\Migrations\\{closure}(1)
#8 C:\\Users\\Zuccoli\\Desktop\\Garoto de Programa\\Trabalho\\API_REST_CAD_CLIENTE\\vendor\\laravel\\framework\\src\\Illuminate\\Database\\Console\\Migrations\\MigrateCommand.php(138): retry(1, Object(Closure), 0, Object(Closure))
#9 C:\\Users\\Zuccoli\\Desktop\\Garoto de Programa\\Trabalho\\API_REST_CAD_CLIENTE\\vendor\\laravel\\framework\\src\\Illuminate\\Database\\Console\\Migrations\\MigrateCommand.php(114): Illuminate\\Database\\Console\\Migrations\\MigrateCommand->repositoryExists()
#10 C:\\Users\\Zuccoli\\Desktop\\Garoto de Programa\\Trabalho\\API_REST_CAD_CLIENTE\\vendor\\laravel\\framework\\src\\Illuminate\\Database\\Console\\Migrations\\MigrateCommand.php(82): Illuminate\\Database\\Console\\Migrations\\MigrateCommand->prepareDatabase()
#11 C:\\Users\\Zuccoli\\Desktop\\Garoto de Programa\\Trabalho\\API_REST_CAD_CLIENTE\\vendor\\laravel\\framework\\src\\Illuminate\\Database\\Migrations\\Migrator.php(633): Illuminate\\Database\\Console\\Migrations\\MigrateCommand->Illuminate\\Database\\Console\\Migrations\\{closure}()
#12 C:\\Users\\Zuccoli\\Desktop\\Garoto de Programa\\Trabalho\\API_REST_CAD_CLIENTE\\vendor\\laravel\\framework\\src\\Illuminate\\Database\\Console\\Migrations\\MigrateCommand.php(81): Illuminate\\Database\\Migrations\\Migrator->usingConnection(NULL, Object(Closure))
#13 C:\\Users\\Zuccoli\\Desktop\\Garoto de Programa\\Trabalho\\API_REST_CAD_CLIENTE\\vendor\\laravel\\framework\\src\\Illuminate\\Container\\BoundMethod.php(36): Illuminate\\Database\\Console\\Migrations\\MigrateCommand->handle()
#14 C:\\Users\\Zuccoli\\Desktop\\Garoto de Programa\\Trabalho\\API_REST_CAD_CLIENTE\\vendor\\laravel\\framework\\src\\Illuminate\\Container\\Util.php(41): Illuminate\\Container\\BoundMethod::Illuminate\\Container\\{closure}()
#15 C:\\Users\\Zuccoli\\Desktop\\Garoto de Programa\\Trabalho\\API_REST_CAD_CLIENTE\\vendor\\laravel\\framework\\src\\Illuminate\\Container\\BoundMethod.php(93): Illuminate\\Container\\Util::unwrapIfClosure(Object(Closure))
#16 C:\\Users\\Zuccoli\\Desktop\\Garoto de Programa\\Trabalho\\API_REST_CAD_CLIENTE\\vendor\\laravel\\framework\\src\\Illuminate\\Container\\BoundMethod.php(35): Illuminate\\Container\\BoundMethod::callBoundMethod(Object(Illuminate\\Foundation\\Application), Array, Object(Closure))
#17 C:\\Users\\Zuccoli\\Desktop\\Garoto de Programa\\Trabalho\\API_REST_CAD_CLIENTE\\vendor\\laravel\\framework\\src\\Illuminate\\Container\\Container.php(662): Illuminate\\Container\\BoundMethod::call(Object(Illuminate\\Foundation\\Application), Array, Array, NULL)
#18 C:\\Users\\Zuccoli\\Desktop\\Garoto de Programa\\Trabalho\\API_REST_CAD_CLIENTE\\vendor\\laravel\\framework\\src\\Illuminate\\Console\\Command.php(208): Illuminate\\Container\\Container->call(Array)
#19 C:\\Users\\Zuccoli\\Desktop\\Garoto de Programa\\Trabalho\\API_REST_CAD_CLIENTE\\vendor\\symfony\\console\\Command\\Command.php(326): Illuminate\\Console\\Command->execute(Object(Symfony\\Component\\Console\\Input\\ArgvInput), Object(Illuminate\\Console\\OutputStyle))
#20 C:\\Users\\Zuccoli\\Desktop\\Garoto de Programa\\Trabalho\\API_REST_CAD_CLIENTE\\vendor\\laravel\\framework\\src\\Illuminate\\Console\\Command.php(177): Symfony\\Component\\Console\\Command\\Command->run(Object(Symfony\\Component\\Console\\Input\\ArgvInput), Object(Illuminate\\Console\\OutputStyle))
#21 C:\\Users\\Zuccoli\\Desktop\\Garoto de Programa\\Trabalho\\API_REST_CAD_CLIENTE\\vendor\\symfony\\console\\Application.php(1081): Illuminate\\Console\\Command->run(Object(Symfony\\Component\\Console\\Input\\ArgvInput), Object(Symfony\\Component\\Console\\Output\\ConsoleOutput))
#22 C:\\Users\\Zuccoli\\Desktop\\Garoto de Programa\\Trabalho\\API_REST_CAD_CLIENTE\\vendor\\symfony\\console\\Application.php(320): Symfony\\Component\\Console\\Application->doRunCommand(Object(Illuminate\\Database\\Console\\Migrations\\MigrateCommand), Object(Symfony\\Component\\Console\\Input\\ArgvInput), Object(Symfony\\Component\\Console\\Output\\ConsoleOutput))
#23 C:\\Users\\Zuccoli\\Desktop\\Garoto de Programa\\Trabalho\\API_REST_CAD_CLIENTE\\vendor\\symfony\\console\\Application.php(174): Symfony\\Component\\Console\\Application->doRun(Object(Symfony\\Component\\Console\\Input\\ArgvInput), Object(Symfony\\Component\\Console\\Output\\ConsoleOutput))
#24 C:\\Users\\Zuccoli\\Desktop\\Garoto de Programa\\Trabalho\\API_REST_CAD_CLIENTE\\vendor\\laravel\\framework\\src\\Illuminate\\Foundation\\Console\\Kernel.php(200): Symfony\\Component\\Console\\Application->run(Object(Symfony\\Component\\Console\\Input\\ArgvInput), Object(Symfony\\Component\\Console\\Output\\ConsoleOutput))
#25 C:\\Users\\Zuccoli\\Desktop\\Garoto de Programa\\Trabalho\\API_REST_CAD_CLIENTE\\artisan(35): Illuminate\\Foundation\\Console\\Kernel->handle(Object(Symfony\\Component\\Console\\Input\\ArgvInput), Object(Symfony\\Component\\Console\\Output\\ConsoleOutput))
#26 {main}

[previous exception] [object] (PDOException(code: 2002): SQLSTATE[HY000] [2002] Nenhuma conexão pôde ser feita porque a máquina de destino as recusou ativamente at C:\\Users\\Zuccoli\\Desktop\\Garoto de Programa\\Trabalho\\API_REST_CAD_CLIENTE\\vendor\\laravel\\framework\\src\\Illuminate\\Database\\Connectors\\Connector.php:65)
[stacktrace]
#0 C:\\Users\\Zuccoli\\Desktop\\Garoto de Programa\\Trabalho\\API_REST_CAD_CLIENTE\\vendor\\laravel\\framework\\src\\Illuminate\\Database\\Connectors\\Connector.php(65): PDO->__construct('mysql:host=127....', 'root', Object(SensitiveParameterValue), Array)
#1 C:\\Users\\Zuccoli\\Desktop\\Garoto de Programa\\Trabalho\\API_REST_CAD_CLIENTE\\vendor\\laravel\\framework\\src\\Illuminate\\Database\\Connectors\\Connector.php(44): Illuminate\\Database\\Connectors\\Connector->createPdoConnection('mysql:host=127....', 'root', '', Array)
#2 C:\\Users\\Zuccoli\\Desktop\\Garoto de Programa\\Trabalho\\API_REST_CAD_CLIENTE\\vendor\\laravel\\framework\\src\\Illuminate\\Database\\Connectors\\MySqlConnector.php(24): Illuminate\\Database\\Connectors\\Connector->createConnection('mysql:host=127....', Array, Array)
#3 C:\\Users\\Zuccoli\\Desktop\\Garoto de Programa\\Trabalho\\API_REST_CAD_CLIENTE\\vendor\\laravel\\framework\\src\\Illuminate\\Database\\Connectors\\ConnectionFactory.php(184): Illuminate\\Database\\Connectors\\MySqlConnector->connect(Array)
#4 [internal function]: Illuminate\\Database\\Connectors\\ConnectionFactory->Illuminate\\Database\\Connectors\\{closure}()
#5 C:\\Users\\Zuccoli\\Desktop\\Garoto de Programa\\Trabalho\\API_REST_CAD_CLIENTE\\vendor\\laravel\\framework\\src\\Illuminate\\Database\\Connection.php(1275): call_user_func(Object(Closure))
#6 C:\\Users\\Zuccoli\\Desktop\\Garoto de Programa\\Trabalho\\API_REST_CAD_CLIENTE\\vendor\\laravel\\framework\\src\\Illuminate\\Database\\Connection.php(521): Illuminate\\Database\\Connection->getPdo()
#7 C:\\Users\\Zuccoli\\Desktop\\Garoto de Programa\\Trabalho\\API_REST_CAD_CLIENTE\\vendor\\laravel\\framework\\src\\Illuminate\\Database\\Connection.php(416): Illuminate\\Database\\Connection->getPdoForSelect(false)
#8 C:\\Users\\Zuccoli\\Desktop\\Garoto de Programa\\Trabalho\\API_REST_CAD_CLIENTE\\vendor\\laravel\\framework\\src\\Illuminate\\Database\\Connection.php(788): Illuminate\\Database\\Connection->Illuminate\\Database\\{closure}('select * from i...', Array)
#9 C:\\Users\\Zuccoli\\Desktop\\Garoto de Programa\\Trabalho\\API_REST_CAD_CLIENTE\\vendor\\laravel\\framework\\src\\Illuminate\\Database\\Connection.php(755): Illuminate\\Database\\Connection->runQueryCallback('select * from i...', Array, Object(Closure))
#10 C:\\Users\\Zuccoli\\Desktop\\Garoto de Programa\\Trabalho\\API_REST_CAD_CLIENTE\\vendor\\laravel\\framework\\src\\Illuminate\\Database\\Connection.php(407): Illuminate\\Database\\Connection->run('select * from i...', Array, Object(Closure))
#11 C:\\Users\\Zuccoli\\Desktop\\Garoto de Programa\\Trabalho\\API_REST_CAD_CLIENTE\\vendor\\laravel\\framework\\src\\Illuminate\\Database\\Connection.php(394): Illuminate\\Database\\Connection->select('select * from i...', Array, false)
#12 C:\\Users\\Zuccoli\\Desktop\\Garoto de Programa\\Trabalho\\API_REST_CAD_CLIENTE\\vendor\\laravel\\framework\\src\\Illuminate\\Database\\Schema\\MySqlBuilder.php(43): Illuminate\\Database\\Connection->selectFromWriteConnection('select * from i...', Array)
#13 C:\\Users\\Zuccoli\\Desktop\\Garoto de Programa\\Trabalho\\API_REST_CAD_CLIENTE\\vendor\\laravel\\framework\\src\\Illuminate\\Database\\Migrations\\DatabaseMigrationRepository.php(184): Illuminate\\Database\\Schema\\MySqlBuilder->hasTable('migrations')
#14 C:\\Users\\Zuccoli\\Desktop\\Garoto de Programa\\Trabalho\\API_REST_CAD_CLIENTE\\vendor\\laravel\\framework\\src\\Illuminate\\Database\\Migrations\\Migrator.php(700): Illuminate\\Database\\Migrations\\DatabaseMigrationRepository->repositoryExists()
#15 C:\\Users\\Zuccoli\\Desktop\\Garoto de Programa\\Trabalho\\API_REST_CAD_CLIENTE\\vendor\\laravel\\framework\\src\\Illuminate\\Database\\Console\\Migrations\\MigrateCommand.php(138): Illuminate\\Database\\Migrations\\Migrator->repositoryExists()
#16 C:\\Users\\Zuccoli\\Desktop\\Garoto de Programa\\Trabalho\\API_REST_CAD_CLIENTE\\vendor\\laravel\\framework\\src\\Illuminate\\Support\\helpers.php(248): Illuminate\\Database\\Console\\Migrations\\MigrateCommand->Illuminate\\Database\\Console\\Migrations\\{closure}(1)
#17 C:\\Users\\Zuccoli\\Desktop\\Garoto de Programa\\Trabalho\\API_REST_CAD_CLIENTE\\vendor\\laravel\\framework\\src\\Illuminate\\Database\\Console\\Migrations\\MigrateCommand.php(138): retry(1, Object(Closure), 0, Object(Closure))
#18 C:\\Users\\Zuccoli\\Desktop\\Garoto de Programa\\Trabalho\\API_REST_CAD_CLIENTE\\vendor\\laravel\\framework\\src\\Illuminate\\Database\\Console\\Migrations\\MigrateCommand.php(114): Illuminate\\Database\\Console\\Migrations\\MigrateCommand->repositoryExists()
#19 C:\\Users\\Zuccoli\\Desktop\\Garoto de Programa\\Trabalho\\API_REST_CAD_CLIENTE\\vendor\\laravel\\framework\\src\\Illuminate\\Database\\Console\\Migrations\\MigrateCommand.php(82): Illuminate\\Database\\Console\\Migrations\\MigrateCommand->prepareDatabase()
#20 C:\\Users\\Zuccoli\\Desktop\\Garoto de Programa\\Trabalho\\API_REST_CAD_CLIENTE\\vendor\\laravel\\framework\\src\\Illuminate\\Database\\Migrations\\Migrator.php(633): Illuminate\\Database\\Console\\Migrations\\MigrateCommand->Illuminate\\Database\\Console\\Migrations\\{closure}()
#21 C:\\Users\\Zuccoli\\Desktop\\Garoto de Programa\\Trabalho\\API_REST_CAD_CLIENTE\\vendor\\laravel\\framework\\src\\Illuminate\\Database\\Console\\Migrations\\MigrateCommand.php(81): Illuminate\\Database\\Migrations\\Migrator->usingConnection(NULL, Object(Closure))
#22 C:\\Users\\Zuccoli\\Desktop\\Garoto de Programa\\Trabalho\\API_REST_CAD_CLIENTE\\vendor\\laravel\\framework\\src\\Illuminate\\Container\\BoundMethod.php(36): Illuminate\\Database\\Console\\Migrations\\MigrateCommand->handle()
#23 C:\\Users\\Zuccoli\\Desktop\\Garoto de Programa\\Trabalho\\API_REST_CAD_CLIENTE\\vendor\\laravel\\framework\\src\\Illuminate\\Container\\Util.php(41): Illuminate\\Container\\BoundMethod::Illuminate\\Container\\{closure}()
#24 C:\\Users\\Zuccoli\\Desktop\\Garoto de Programa\\Trabalho\\API_REST_CAD_CLIENTE\\vendor\\laravel\\framework\\src\\Illuminate\\Container\\BoundMethod.php(93): Illuminate\\Container\\Util::unwrapIfClosure(Object(Closure))
#25 C:\\Users\\Zuccoli\\Desktop\\Garoto de Programa\\Trabalho\\API_REST_CAD_CLIENTE\\vendor\\laravel\\framework\\src\\Illuminate\\Container\\BoundMethod.php(35): Illuminate\\Container\\BoundMethod::callBoundMethod(Object(Illuminate\\Foundation\\Application), Array, Object(Closure))
#26 C:\\Users\\Zuccoli\\Desktop\\Garoto de Programa\\Trabalho\\API_REST_CAD_CLIENTE\\vendor\\laravel\\framework\\src\\Illuminate\\Container\\Container.php(662): Illuminate\\Container\\BoundMethod::call(Object(Illuminate\\Foundation\\Application), Array, Array, NULL)
#27 C:\\Users\\Zuccoli\\Desktop\\Garoto de Programa\\Trabalho\\API_REST_CAD_CLIENTE\\vendor\\laravel\\framework\\src\\Illuminate\\Console\\Command.php(208): Illuminate\\Container\\Container->call(Array)
#28 C:\\Users\\Zuccoli\\Desktop\\Garoto de Programa\\Trabalho\\API_REST_CAD_CLIENTE\\vendor\\symfony\\console\\Command\\Command.php(326): Illuminate\\Console\\Command->execute(Object(Symfony\\Component\\Console\\Input\\ArgvInput), Object(Illuminate\\Console\\OutputStyle))
#29 C:\\Users\\Zuccoli\\Desktop\\Garoto de Programa\\Trabalho\\API_REST_CAD_CLIENTE\\vendor\\laravel\\framework\\src\\Illuminate\\Console\\Command.php(177): Symfony\\Component\\Console\\Command\\Command->run(Object(Symfony\\Component\\Console\\Input\\ArgvInput), Object(Illuminate\\Console\\OutputStyle))
#30 C:\\Users\\Zuccoli\\Desktop\\Garoto de Programa\\Trabalho\\API_REST_CAD_CLIENTE\\vendor\\symfony\\console\\Application.php(1081): Illuminate\\Console\\Command->run(Object(Symfony\\Component\\Console\\Input\\ArgvInput), Object(Symfony\\Component\\Console\\Output\\ConsoleOutput))
#31 C:\\Users\\Zuccoli\\Desktop\\Garoto de Programa\\Trabalho\\API_REST_CAD_CLIENTE\\vendor\\symfony\\console\\Application.php(320): Symfony\\Component\\Console\\Application->doRunCommand(Object(Illuminate\\Database\\Console\\Migrations\\MigrateCommand), Object(Symfony\\Component\\Console\\Input\\ArgvInput), Object(Symfony\\Component\\Console\\Output\\ConsoleOutput))
#32 C:\\Users\\Zuccoli\\Desktop\\Garoto de Programa\\Trabalho\\API_REST_CAD_CLIENTE\\vendor\\symfony\\console\\Application.php(174): Symfony\\Component\\Console\\Application->doRun(Object(Symfony\\Component\\Console\\Input\\ArgvInput), Object(Symfony\\Component\\Console\\Output\\ConsoleOutput))
#33 C:\\Users\\Zuccoli\\Desktop\\Garoto de Programa\\Trabalho\\API_REST_CAD_CLIENTE\\vendor\\laravel\\framework\\src\\Illuminate\\Foundation\\Console\\Kernel.php(200): Symfony\\Component\\Console\\Application->run(Object(Symfony\\Component\\Console\\Input\\ArgvInput), Object(Symfony\\Component\\Console\\Output\\ConsoleOutput))
#34 C:\\Users\\Zuccoli\\Desktop\\Garoto de Programa\\Trabalho\\API_REST_CAD_CLIENTE\\artisan(35): Illuminate\\Foundation\\Console\\Kernel->handle(Object(Symfony\\Component\\Console\\Input\\ArgvInput), Object(Symfony\\Component\\Console\\Output\\ConsoleOutput))
#35 {main}
"} 
[2023-07-06 20:47:31] local.ERROR: SQLSTATE[HY000] [2002] Nenhuma conexão pôde ser feita porque a máquina de destino as recusou ativamente (Connection: mysql, SQL: select * from information_schema.tables where table_schema = db_api_cad_cliente and table_name = migrations and table_type = 'BASE TABLE') {"exception":"[object] (Illuminate\\Database\\QueryException(code: 2002): SQLSTATE[HY000] [2002] Nenhuma conexão pôde ser feita porque a máquina de destino as recusou ativamente (Connection: mysql, SQL: select * from information_schema.tables where table_schema = db_api_cad_cliente and table_name = migrations and table_type = 'BASE TABLE') at C:\\Users\\Zuccoli\\Desktop\\Garoto de Programa\\Trabalho\\API_REST_CAD_CLIENTE\\vendor\\laravel\\framework\\src\\Illuminate\\Database\\Connection.php:795)
[stacktrace]
#0 C:\\Users\\Zuccoli\\Desktop\\Garoto de Programa\\Trabalho\\API_REST_CAD_CLIENTE\\vendor\\laravel\\framework\\src\\Illuminate\\Database\\Connection.php(755): Illuminate\\Database\\Connection->runQueryCallback('select * from i...', Array, Object(Closure))
#1 C:\\Users\\Zuccoli\\Desktop\\Garoto de Programa\\Trabalho\\API_REST_CAD_CLIENTE\\vendor\\laravel\\framework\\src\\Illuminate\\Database\\Connection.php(407): Illuminate\\Database\\Connection->run('select * from i...', Array, Object(Closure))
#2 C:\\Users\\Zuccoli\\Desktop\\Garoto de Programa\\Trabalho\\API_REST_CAD_CLIENTE\\vendor\\laravel\\framework\\src\\Illuminate\\Database\\Connection.php(394): Illuminate\\Database\\Connection->select('select * from i...', Array, false)
#3 C:\\Users\\Zuccoli\\Desktop\\Garoto de Programa\\Trabalho\\API_REST_CAD_CLIENTE\\vendor\\laravel\\framework\\src\\Illuminate\\Database\\Schema\\MySqlBuilder.php(43): Illuminate\\Database\\Connection->selectFromWriteConnection('select * from i...', Array)
#4 C:\\Users\\Zuccoli\\Desktop\\Garoto de Programa\\Trabalho\\API_REST_CAD_CLIENTE\\vendor\\laravel\\framework\\src\\Illuminate\\Database\\Migrations\\DatabaseMigrationRepository.php(184): Illuminate\\Database\\Schema\\MySqlBuilder->hasTable('migrations')
#5 C:\\Users\\Zuccoli\\Desktop\\Garoto de Programa\\Trabalho\\API_REST_CAD_CLIENTE\\vendor\\laravel\\framework\\src\\Illuminate\\Database\\Migrations\\Migrator.php(700): Illuminate\\Database\\Migrations\\DatabaseMigrationRepository->repositoryExists()
#6 C:\\Users\\Zuccoli\\Desktop\\Garoto de Programa\\Trabalho\\API_REST_CAD_CLIENTE\\vendor\\laravel\\framework\\src\\Illuminate\\Database\\Console\\Migrations\\MigrateCommand.php(138): Illuminate\\Database\\Migrations\\Migrator->repositoryExists()
#7 C:\\Users\\Zuccoli\\Desktop\\Garoto de Programa\\Trabalho\\API_REST_CAD_CLIENTE\\vendor\\laravel\\framework\\src\\Illuminate\\Support\\helpers.php(248): Illuminate\\Database\\Console\\Migrations\\MigrateCommand->Illuminate\\Database\\Console\\Migrations\\{closure}(1)
#8 C:\\Users\\Zuccoli\\Desktop\\Garoto de Programa\\Trabalho\\API_REST_CAD_CLIENTE\\vendor\\laravel\\framework\\src\\Illuminate\\Database\\Console\\Migrations\\MigrateCommand.php(138): retry(1, Object(Closure), 0, Object(Closure))
#9 C:\\Users\\Zuccoli\\Desktop\\Garoto de Programa\\Trabalho\\API_REST_CAD_CLIENTE\\vendor\\laravel\\framework\\src\\Illuminate\\Database\\Console\\Migrations\\MigrateCommand.php(114): Illuminate\\Database\\Console\\Migrations\\MigrateCommand->repositoryExists()
#10 C:\\Users\\Zuccoli\\Desktop\\Garoto de Programa\\Trabalho\\API_REST_CAD_CLIENTE\\vendor\\laravel\\framework\\src\\Illuminate\\Database\\Console\\Migrations\\MigrateCommand.php(82): Illuminate\\Database\\Console\\Migrations\\MigrateCommand->prepareDatabase()
#11 C:\\Users\\Zuccoli\\Desktop\\Garoto de Programa\\Trabalho\\API_REST_CAD_CLIENTE\\vendor\\laravel\\framework\\src\\Illuminate\\Database\\Migrations\\Migrator.php(633): Illuminate\\Database\\Console\\Migrations\\MigrateCommand->Illuminate\\Database\\Console\\Migrations\\{closure}()
#12 C:\\Users\\Zuccoli\\Desktop\\Garoto de Programa\\Trabalho\\API_REST_CAD_CLIENTE\\vendor\\laravel\\framework\\src\\Illuminate\\Database\\Console\\Migrations\\MigrateCommand.php(81): Illuminate\\Database\\Migrations\\Migrator->usingConnection(NULL, Object(Closure))
#13 C:\\Users\\Zuccoli\\Desktop\\Garoto de Programa\\Trabalho\\API_REST_CAD_CLIENTE\\vendor\\laravel\\framework\\src\\Illuminate\\Container\\BoundMethod.php(36): Illuminate\\Database\\Console\\Migrations\\MigrateCommand->handle()
#14 C:\\Users\\Zuccoli\\Desktop\\Garoto de Programa\\Trabalho\\API_REST_CAD_CLIENTE\\vendor\\laravel\\framework\\src\\Illuminate\\Container\\Util.php(41): Illuminate\\Container\\BoundMethod::Illuminate\\Container\\{closure}()
#15 C:\\Users\\Zuccoli\\Desktop\\Garoto de Programa\\Trabalho\\API_REST_CAD_CLIENTE\\vendor\\laravel\\framework\\src\\Illuminate\\Container\\BoundMethod.php(93): Illuminate\\Container\\Util::unwrapIfClosure(Object(Closure))
#16 C:\\Users\\Zuccoli\\Desktop\\Garoto de Programa\\Trabalho\\API_REST_CAD_CLIENTE\\vendor\\laravel\\framework\\src\\Illuminate\\Container\\BoundMethod.php(35): Illuminate\\Container\\BoundMethod::callBoundMethod(Object(Illuminate\\Foundation\\Application), Array, Object(Closure))
#17 C:\\Users\\Zuccoli\\Desktop\\Garoto de Programa\\Trabalho\\API_REST_CAD_CLIENTE\\vendor\\laravel\\framework\\src\\Illuminate\\Container\\Container.php(662): Illuminate\\Container\\BoundMethod::call(Object(Illuminate\\Foundation\\Application), Array, Array, NULL)
#18 C:\\Users\\Zuccoli\\Desktop\\Garoto de Programa\\Trabalho\\API_REST_CAD_CLIENTE\\vendor\\laravel\\framework\\src\\Illuminate\\Console\\Command.php(208): Illuminate\\Container\\Container->call(Array)
#19 C:\\Users\\Zuccoli\\Desktop\\Garoto de Programa\\Trabalho\\API_REST_CAD_CLIENTE\\vendor\\symfony\\console\\Command\\Command.php(326): Illuminate\\Console\\Command->execute(Object(Symfony\\Component\\Console\\Input\\ArgvInput), Object(Illuminate\\Console\\OutputStyle))
#20 C:\\Users\\Zuccoli\\Desktop\\Garoto de Programa\\Trabalho\\API_REST_CAD_CLIENTE\\vendor\\laravel\\framework\\src\\Illuminate\\Console\\Command.php(177): Symfony\\Component\\Console\\Command\\Command->run(Object(Symfony\\Component\\Console\\Input\\ArgvInput), Object(Illuminate\\Console\\OutputStyle))
#21 C:\\Users\\Zuccoli\\Desktop\\Garoto de Programa\\Trabalho\\API_REST_CAD_CLIENTE\\vendor\\symfony\\console\\Application.php(1081): Illuminate\\Console\\Command->run(Object(Symfony\\Component\\Console\\Input\\ArgvInput), Object(Symfony\\Component\\Console\\Output\\ConsoleOutput))
#22 C:\\Users\\Zuccoli\\Desktop\\Garoto de Programa\\Trabalho\\API_REST_CAD_CLIENTE\\vendor\\symfony\\console\\Application.php(320): Symfony\\Component\\Console\\Application->doRunCommand(Object(Illuminate\\Database\\Console\\Migrations\\MigrateCommand), Object(Symfony\\Component\\Console\\Input\\ArgvInput), Object(Symfony\\Component\\Console\\Output\\ConsoleOutput))
#23 C:\\Users\\Zuccoli\\Desktop\\Garoto de Programa\\Trabalho\\API_REST_CAD_CLIENTE\\vendor\\symfony\\console\\Application.php(174): Symfony\\Component\\Console\\Application->doRun(Object(Symfony\\Component\\Console\\Input\\ArgvInput), Object(Symfony\\Component\\Console\\Output\\ConsoleOutput))
#24 C:\\Users\\Zuccoli\\Desktop\\Garoto de Programa\\Trabalho\\API_REST_CAD_CLIENTE\\vendor\\laravel\\framework\\src\\Illuminate\\Foundation\\Console\\Kernel.php(200): Symfony\\Component\\Console\\Application->run(Object(Symfony\\Component\\Console\\Input\\ArgvInput), Object(Symfony\\Component\\Console\\Output\\ConsoleOutput))
#25 C:\\Users\\Zuccoli\\Desktop\\Garoto de Programa\\Trabalho\\API_REST_CAD_CLIENTE\\artisan(35): Illuminate\\Foundation\\Console\\Kernel->handle(Object(Symfony\\Component\\Console\\Input\\ArgvInput), Object(Symfony\\Component\\Console\\Output\\ConsoleOutput))
#26 {main}

[previous exception] [object] (PDOException(code: 2002): SQLSTATE[HY000] [2002] Nenhuma conexão pôde ser feita porque a máquina de destino as recusou ativamente at C:\\Users\\Zuccoli\\Desktop\\Garoto de Programa\\Trabalho\\API_REST_CAD_CLIENTE\\vendor\\laravel\\framework\\src\\Illuminate\\Database\\Connectors\\Connector.php:65)
[stacktrace]
#0 C:\\Users\\Zuccoli\\Desktop\\Garoto de Programa\\Trabalho\\API_REST_CAD_CLIENTE\\vendor\\laravel\\framework\\src\\Illuminate\\Database\\Connectors\\Connector.php(65): PDO->__construct('mysql:host=127....', 'root', Object(SensitiveParameterValue), Array)
#1 C:\\Users\\Zuccoli\\Desktop\\Garoto de Programa\\Trabalho\\API_REST_CAD_CLIENTE\\vendor\\laravel\\framework\\src\\Illuminate\\Database\\Connectors\\Connector.php(44): Illuminate\\Database\\Connectors\\Connector->createPdoConnection('mysql:host=127....', 'root', '', Array)
#2 C:\\Users\\Zuccoli\\Desktop\\Garoto de Programa\\Trabalho\\API_REST_CAD_CLIENTE\\vendor\\laravel\\framework\\src\\Illuminate\\Database\\Connectors\\MySqlConnector.php(24): Illuminate\\Database\\Connectors\\Connector->createConnection('mysql:host=127....', Array, Array)
#3 C:\\Users\\Zuccoli\\Desktop\\Garoto de Programa\\Trabalho\\API_REST_CAD_CLIENTE\\vendor\\laravel\\framework\\src\\Illuminate\\Database\\Connectors\\ConnectionFactory.php(184): Illuminate\\Database\\Connectors\\MySqlConnector->connect(Array)
#4 [internal function]: Illuminate\\Database\\Connectors\\ConnectionFactory->Illuminate\\Database\\Connectors\\{closure}()
#5 C:\\Users\\Zuccoli\\Desktop\\Garoto de Programa\\Trabalho\\API_REST_CAD_CLIENTE\\vendor\\laravel\\framework\\src\\Illuminate\\Database\\Connection.php(1275): call_user_func(Object(Closure))
#6 C:\\Users\\Zuccoli\\Desktop\\Garoto de Programa\\Trabalho\\API_REST_CAD_CLIENTE\\vendor\\laravel\\framework\\src\\Illuminate\\Database\\Connection.php(521): Illuminate\\Database\\Connection->getPdo()
#7 C:\\Users\\Zuccoli\\Desktop\\Garoto de Programa\\Trabalho\\API_REST_CAD_CLIENTE\\vendor\\laravel\\framework\\src\\Illuminate\\Database\\Connection.php(416): Illuminate\\Database\\Connection->getPdoForSelect(false)
#8 C:\\Users\\Zuccoli\\Desktop\\Garoto de Programa\\Trabalho\\API_REST_CAD_CLIENTE\\vendor\\laravel\\framework\\src\\Illuminate\\Database\\Connection.php(788): Illuminate\\Database\\Connection->Illuminate\\Database\\{closure}('select * from i...', Array)
#9 C:\\Users\\Zuccoli\\Desktop\\Garoto de Programa\\Trabalho\\API_REST_CAD_CLIENTE\\vendor\\laravel\\framework\\src\\Illuminate\\Database\\Connection.php(755): Illuminate\\Database\\Connection->runQueryCallback('select * from i...', Array, Object(Closure))
#10 C:\\Users\\Zuccoli\\Desktop\\Garoto de Programa\\Trabalho\\API_REST_CAD_CLIENTE\\vendor\\laravel\\framework\\src\\Illuminate\\Database\\Connection.php(407): Illuminate\\Database\\Connection->run('select * from i...', Array, Object(Closure))
#11 C:\\Users\\Zuccoli\\Desktop\\Garoto de Programa\\Trabalho\\API_REST_CAD_CLIENTE\\vendor\\laravel\\framework\\src\\Illuminate\\Database\\Connection.php(394): Illuminate\\Database\\Connection->select('select * from i...', Array, false)
#12 C:\\Users\\Zuccoli\\Desktop\\Garoto de Programa\\Trabalho\\API_REST_CAD_CLIENTE\\vendor\\laravel\\framework\\src\\Illuminate\\Database\\Schema\\MySqlBuilder.php(43): Illuminate\\Database\\Connection->selectFromWriteConnection('select * from i...', Array)
#13 C:\\Users\\Zuccoli\\Desktop\\Garoto de Programa\\Trabalho\\API_REST_CAD_CLIENTE\\vendor\\laravel\\framework\\src\\Illuminate\\Database\\Migrations\\DatabaseMigrationRepository.php(184): Illuminate\\Database\\Schema\\MySqlBuilder->hasTable('migrations')
#14 C:\\Users\\Zuccoli\\Desktop\\Garoto de Programa\\Trabalho\\API_REST_CAD_CLIENTE\\vendor\\laravel\\framework\\src\\Illuminate\\Database\\Migrations\\Migrator.php(700): Illuminate\\Database\\Migrations\\DatabaseMigrationRepository->repositoryExists()
#15 C:\\Users\\Zuccoli\\Desktop\\Garoto de Programa\\Trabalho\\API_REST_CAD_CLIENTE\\vendor\\laravel\\framework\\src\\Illuminate\\Database\\Console\\Migrations\\MigrateCommand.php(138): Illuminate\\Database\\Migrations\\Migrator->repositoryExists()
#16 C:\\Users\\Zuccoli\\Desktop\\Garoto de Programa\\Trabalho\\API_REST_CAD_CLIENTE\\vendor\\laravel\\framework\\src\\Illuminate\\Support\\helpers.php(248): Illuminate\\Database\\Console\\Migrations\\MigrateCommand->Illuminate\\Database\\Console\\Migrations\\{closure}(1)
#17 C:\\Users\\Zuccoli\\Desktop\\Garoto de Programa\\Trabalho\\API_REST_CAD_CLIENTE\\vendor\\laravel\\framework\\src\\Illuminate\\Database\\Console\\Migrations\\MigrateCommand.php(138): retry(1, Object(Closure), 0, Object(Closure))
#18 C:\\Users\\Zuccoli\\Desktop\\Garoto de Programa\\Trabalho\\API_REST_CAD_CLIENTE\\vendor\\laravel\\framework\\src\\Illuminate\\Database\\Console\\Migrations\\MigrateCommand.php(114): Illuminate\\Database\\Console\\Migrations\\MigrateCommand->repositoryExists()
#19 C:\\Users\\Zuccoli\\Desktop\\Garoto de Programa\\Trabalho\\API_REST_CAD_CLIENTE\\vendor\\laravel\\framework\\src\\Illuminate\\Database\\Console\\Migrations\\MigrateCommand.php(82): Illuminate\\Database\\Console\\Migrations\\MigrateCommand->prepareDatabase()
#20 C:\\Users\\Zuccoli\\Desktop\\Garoto de Programa\\Trabalho\\API_REST_CAD_CLIENTE\\vendor\\laravel\\framework\\src\\Illuminate\\Database\\Migrations\\Migrator.php(633): Illuminate\\Database\\Console\\Migrations\\MigrateCommand->Illuminate\\Database\\Console\\Migrations\\{closure}()
#21 C:\\Users\\Zuccoli\\Desktop\\Garoto de Programa\\Trabalho\\API_REST_CAD_CLIENTE\\vendor\\laravel\\framework\\src\\Illuminate\\Database\\Console\\Migrations\\MigrateCommand.php(81): Illuminate\\Database\\Migrations\\Migrator->usingConnection(NULL, Object(Closure))
#22 C:\\Users\\Zuccoli\\Desktop\\Garoto de Programa\\Trabalho\\API_REST_CAD_CLIENTE\\vendor\\laravel\\framework\\src\\Illuminate\\Container\\BoundMethod.php(36): Illuminate\\Database\\Console\\Migrations\\MigrateCommand->handle()
#23 C:\\Users\\Zuccoli\\Desktop\\Garoto de Programa\\Trabalho\\API_REST_CAD_CLIENTE\\vendor\\laravel\\framework\\src\\Illuminate\\Container\\Util.php(41): Illuminate\\Container\\BoundMethod::Illuminate\\Container\\{closure}()
#24 C:\\Users\\Zuccoli\\Desktop\\Garoto de Programa\\Trabalho\\API_REST_CAD_CLIENTE\\vendor\\laravel\\framework\\src\\Illuminate\\Container\\BoundMethod.php(93): Illuminate\\Container\\Util::unwrapIfClosure(Object(Closure))
#25 C:\\Users\\Zuccoli\\Desktop\\Garoto de Programa\\Trabalho\\API_REST_CAD_CLIENTE\\vendor\\laravel\\framework\\src\\Illuminate\\Container\\BoundMethod.php(35): Illuminate\\Container\\BoundMethod::callBoundMethod(Object(Illuminate\\Foundation\\Application), Array, Object(Closure))
#26 C:\\Users\\Zuccoli\\Desktop\\Garoto de Programa\\Trabalho\\API_REST_CAD_CLIENTE\\vendor\\laravel\\framework\\src\\Illuminate\\Container\\Container.php(662): Illuminate\\Container\\BoundMethod::call(Object(Illuminate\\Foundation\\Application), Array, Array, NULL)
#27 C:\\Users\\Zuccoli\\Desktop\\Garoto de Programa\\Trabalho\\API_REST_CAD_CLIENTE\\vendor\\laravel\\framework\\src\\Illuminate\\Console\\Command.php(208): Illuminate\\Container\\Container->call(Array)
#28 C:\\Users\\Zuccoli\\Desktop\\Garoto de Programa\\Trabalho\\API_REST_CAD_CLIENTE\\vendor\\symfony\\console\\Command\\Command.php(326): Illuminate\\Console\\Command->execute(Object(Symfony\\Component\\Console\\Input\\ArgvInput), Object(Illuminate\\Console\\OutputStyle))
#29 C:\\Users\\Zuccoli\\Desktop\\Garoto de Programa\\Trabalho\\API_REST_CAD_CLIENTE\\vendor\\laravel\\framework\\src\\Illuminate\\Console\\Command.php(177): Symfony\\Component\\Console\\Command\\Command->run(Object(Symfony\\Component\\Console\\Input\\ArgvInput), Object(Illuminate\\Console\\OutputStyle))
#30 C:\\Users\\Zuccoli\\Desktop\\Garoto de Programa\\Trabalho\\API_REST_CAD_CLIENTE\\vendor\\symfony\\console\\Application.php(1081): Illuminate\\Console\\Command->run(Object(Symfony\\Component\\Console\\Input\\ArgvInput), Object(Symfony\\Component\\Console\\Output\\ConsoleOutput))
#31 C:\\Users\\Zuccoli\\Desktop\\Garoto de Programa\\Trabalho\\API_REST_CAD_CLIENTE\\vendor\\symfony\\console\\Application.php(320): Symfony\\Component\\Console\\Application->doRunCommand(Object(Illuminate\\Database\\Console\\Migrations\\MigrateCommand), Object(Symfony\\Component\\Console\\Input\\ArgvInput), Object(Symfony\\Component\\Console\\Output\\ConsoleOutput))
#32 C:\\Users\\Zuccoli\\Desktop\\Garoto de Programa\\Trabalho\\API_REST_CAD_CLIENTE\\vendor\\symfony\\console\\Application.php(174): Symfony\\Component\\Console\\Application->doRun(Object(Symfony\\Component\\Console\\Input\\ArgvInput), Object(Symfony\\Component\\Console\\Output\\ConsoleOutput))
#33 C:\\Users\\Zuccoli\\Desktop\\Garoto de Programa\\Trabalho\\API_REST_CAD_CLIENTE\\vendor\\laravel\\framework\\src\\Illuminate\\Foundation\\Console\\Kernel.php(200): Symfony\\Component\\Console\\Application->run(Object(Symfony\\Component\\Console\\Input\\ArgvInput), Object(Symfony\\Component\\Console\\Output\\ConsoleOutput))
#34 C:\\Users\\Zuccoli\\Desktop\\Garoto de Programa\\Trabalho\\API_REST_CAD_CLIENTE\\artisan(35): Illuminate\\Foundation\\Console\\Kernel->handle(Object(Symfony\\Component\\Console\\Input\\ArgvInput), Object(Symfony\\Component\\Console\\Output\\ConsoleOutput))
#35 {main}
"} 
[2023-07-06 21:12:04] local.ERROR: SQLSTATE[HY000] [2002] Nenhuma conexão pôde ser feita porque a máquina de destino as recusou ativamente (Connection: mysql, SQL: select * from information_schema.tables where table_schema = db_api_cad_cliente and table_name = migrations and table_type = 'BASE TABLE') {"exception":"[object] (Illuminate\\Database\\QueryException(code: 2002): SQLSTATE[HY000] [2002] Nenhuma conexão pôde ser feita porque a máquina de destino as recusou ativamente (Connection: mysql, SQL: select * from information_schema.tables where table_schema = db_api_cad_cliente and table_name = migrations and table_type = 'BASE TABLE') at C:\\Users\\Zuccoli\\Desktop\\Garoto de Programa\\Trabalho\\API_REST_CAD_CLIENTE\\vendor\\laravel\\framework\\src\\Illuminate\\Database\\Connection.php:795)
[stacktrace]
#0 C:\\Users\\Zuccoli\\Desktop\\Garoto de Programa\\Trabalho\\API_REST_CAD_CLIENTE\\vendor\\laravel\\framework\\src\\Illuminate\\Database\\Connection.php(755): Illuminate\\Database\\Connection->runQueryCallback('select * from i...', Array, Object(Closure))
#1 C:\\Users\\Zuccoli\\Desktop\\Garoto de Programa\\Trabalho\\API_REST_CAD_CLIENTE\\vendor\\laravel\\framework\\src\\Illuminate\\Database\\Connection.php(407): Illuminate\\Database\\Connection->run('select * from i...', Array, Object(Closure))
#2 C:\\Users\\Zuccoli\\Desktop\\Garoto de Programa\\Trabalho\\API_REST_CAD_CLIENTE\\vendor\\laravel\\framework\\src\\Illuminate\\Database\\Connection.php(394): Illuminate\\Database\\Connection->select('select * from i...', Array, false)
#3 C:\\Users\\Zuccoli\\Desktop\\Garoto de Programa\\Trabalho\\API_REST_CAD_CLIENTE\\vendor\\laravel\\framework\\src\\Illuminate\\Database\\Schema\\MySqlBuilder.php(43): Illuminate\\Database\\Connection->selectFromWriteConnection('select * from i...', Array)
#4 C:\\Users\\Zuccoli\\Desktop\\Garoto de Programa\\Trabalho\\API_REST_CAD_CLIENTE\\vendor\\laravel\\framework\\src\\Illuminate\\Database\\Migrations\\DatabaseMigrationRepository.php(184): Illuminate\\Database\\Schema\\MySqlBuilder->hasTable('migrations')
#5 C:\\Users\\Zuccoli\\Desktop\\Garoto de Programa\\Trabalho\\API_REST_CAD_CLIENTE\\vendor\\laravel\\framework\\src\\Illuminate\\Database\\Migrations\\Migrator.php(700): Illuminate\\Database\\Migrations\\DatabaseMigrationRepository->repositoryExists()
#6 C:\\Users\\Zuccoli\\Desktop\\Garoto de Programa\\Trabalho\\API_REST_CAD_CLIENTE\\vendor\\laravel\\framework\\src\\Illuminate\\Database\\Console\\Migrations\\MigrateCommand.php(138): Illuminate\\Database\\Migrations\\Migrator->repositoryExists()
#7 C:\\Users\\Zuccoli\\Desktop\\Garoto de Programa\\Trabalho\\API_REST_CAD_CLIENTE\\vendor\\laravel\\framework\\src\\Illuminate\\Support\\helpers.php(248): Illuminate\\Database\\Console\\Migrations\\MigrateCommand->Illuminate\\Database\\Console\\Migrations\\{closure}(1)
#8 C:\\Users\\Zuccoli\\Desktop\\Garoto de Programa\\Trabalho\\API_REST_CAD_CLIENTE\\vendor\\laravel\\framework\\src\\Illuminate\\Database\\Console\\Migrations\\MigrateCommand.php(138): retry(1, Object(Closure), 0, Object(Closure))
#9 C:\\Users\\Zuccoli\\Desktop\\Garoto de Programa\\Trabalho\\API_REST_CAD_CLIENTE\\vendor\\laravel\\framework\\src\\Illuminate\\Database\\Console\\Migrations\\MigrateCommand.php(114): Illuminate\\Database\\Console\\Migrations\\MigrateCommand->repositoryExists()
#10 C:\\Users\\Zuccoli\\Desktop\\Garoto de Programa\\Trabalho\\API_REST_CAD_CLIENTE\\vendor\\laravel\\framework\\src\\Illuminate\\Database\\Console\\Migrations\\MigrateCommand.php(82): Illuminate\\Database\\Console\\Migrations\\MigrateCommand->prepareDatabase()
#11 C:\\Users\\Zuccoli\\Desktop\\Garoto de Programa\\Trabalho\\API_REST_CAD_CLIENTE\\vendor\\laravel\\framework\\src\\Illuminate\\Database\\Migrations\\Migrator.php(633): Illuminate\\Database\\Console\\Migrations\\MigrateCommand->Illuminate\\Database\\Console\\Migrations\\{closure}()
#12 C:\\Users\\Zuccoli\\Desktop\\Garoto de Programa\\Trabalho\\API_REST_CAD_CLIENTE\\vendor\\laravel\\framework\\src\\Illuminate\\Database\\Console\\Migrations\\MigrateCommand.php(81): Illuminate\\Database\\Migrations\\Migrator->usingConnection(NULL, Object(Closure))
#13 C:\\Users\\Zuccoli\\Desktop\\Garoto de Programa\\Trabalho\\API_REST_CAD_CLIENTE\\vendor\\laravel\\framework\\src\\Illuminate\\Container\\BoundMethod.php(36): Illuminate\\Database\\Console\\Migrations\\MigrateCommand->handle()
#14 C:\\Users\\Zuccoli\\Desktop\\Garoto de Programa\\Trabalho\\API_REST_CAD_CLIENTE\\vendor\\laravel\\framework\\src\\Illuminate\\Container\\Util.php(41): Illuminate\\Container\\BoundMethod::Illuminate\\Container\\{closure}()
#15 C:\\Users\\Zuccoli\\Desktop\\Garoto de Programa\\Trabalho\\API_REST_CAD_CLIENTE\\vendor\\laravel\\framework\\src\\Illuminate\\Container\\BoundMethod.php(93): Illuminate\\Container\\Util::unwrapIfClosure(Object(Closure))
#16 C:\\Users\\Zuccoli\\Desktop\\Garoto de Programa\\Trabalho\\API_REST_CAD_CLIENTE\\vendor\\laravel\\framework\\src\\Illuminate\\Container\\BoundMethod.php(35): Illuminate\\Container\\BoundMethod::callBoundMethod(Object(Illuminate\\Foundation\\Application), Array, Object(Closure))
#17 C:\\Users\\Zuccoli\\Desktop\\Garoto de Programa\\Trabalho\\API_REST_CAD_CLIENTE\\vendor\\laravel\\framework\\src\\Illuminate\\Container\\Container.php(662): Illuminate\\Container\\BoundMethod::call(Object(Illuminate\\Foundation\\Application), Array, Array, NULL)
#18 C:\\Users\\Zuccoli\\Desktop\\Garoto de Programa\\Trabalho\\API_REST_CAD_CLIENTE\\vendor\\laravel\\framework\\src\\Illuminate\\Console\\Command.php(208): Illuminate\\Container\\Container->call(Array)
#19 C:\\Users\\Zuccoli\\Desktop\\Garoto de Programa\\Trabalho\\API_REST_CAD_CLIENTE\\vendor\\symfony\\console\\Command\\Command.php(326): Illuminate\\Console\\Command->execute(Object(Symfony\\Component\\Console\\Input\\ArgvInput), Object(Illuminate\\Console\\OutputStyle))
#20 C:\\Users\\Zuccoli\\Desktop\\Garoto de Programa\\Trabalho\\API_REST_CAD_CLIENTE\\vendor\\laravel\\framework\\src\\Illuminate\\Console\\Command.php(177): Symfony\\Component\\Console\\Command\\Command->run(Object(Symfony\\Component\\Console\\Input\\ArgvInput), Object(Illuminate\\Console\\OutputStyle))
#21 C:\\Users\\Zuccoli\\Desktop\\Garoto de Programa\\Trabalho\\API_REST_CAD_CLIENTE\\vendor\\symfony\\console\\Application.php(1081): Illuminate\\Console\\Command->run(Object(Symfony\\Component\\Console\\Input\\ArgvInput), Object(Symfony\\Component\\Console\\Output\\ConsoleOutput))
#22 C:\\Users\\Zuccoli\\Desktop\\Garoto de Programa\\Trabalho\\API_REST_CAD_CLIENTE\\vendor\\symfony\\console\\Application.php(320): Symfony\\Component\\Console\\Application->doRunCommand(Object(Illuminate\\Database\\Console\\Migrations\\MigrateCommand), Object(Symfony\\Component\\Console\\Input\\ArgvInput), Object(Symfony\\Component\\Console\\Output\\ConsoleOutput))
#23 C:\\Users\\Zuccoli\\Desktop\\Garoto de Programa\\Trabalho\\API_REST_CAD_CLIENTE\\vendor\\symfony\\console\\Application.php(174): Symfony\\Component\\Console\\Application->doRun(Object(Symfony\\Component\\Console\\Input\\ArgvInput), Object(Symfony\\Component\\Console\\Output\\ConsoleOutput))
#24 C:\\Users\\Zuccoli\\Desktop\\Garoto de Programa\\Trabalho\\API_REST_CAD_CLIENTE\\vendor\\laravel\\framework\\src\\Illuminate\\Foundation\\Console\\Kernel.php(200): Symfony\\Component\\Console\\Application->run(Object(Symfony\\Component\\Console\\Input\\ArgvInput), Object(Symfony\\Component\\Console\\Output\\ConsoleOutput))
#25 C:\\Users\\Zuccoli\\Desktop\\Garoto de Programa\\Trabalho\\API_REST_CAD_CLIENTE\\artisan(35): Illuminate\\Foundation\\Console\\Kernel->handle(Object(Symfony\\Component\\Console\\Input\\ArgvInput), Object(Symfony\\Component\\Console\\Output\\ConsoleOutput))
#26 {main}

[previous exception] [object] (PDOException(code: 2002): SQLSTATE[HY000] [2002] Nenhuma conexão pôde ser feita porque a máquina de destino as recusou ativamente at C:\\Users\\Zuccoli\\Desktop\\Garoto de Programa\\Trabalho\\API_REST_CAD_CLIENTE\\vendor\\laravel\\framework\\src\\Illuminate\\Database\\Connectors\\Connector.php:65)
[stacktrace]
#0 C:\\Users\\Zuccoli\\Desktop\\Garoto de Programa\\Trabalho\\API_REST_CAD_CLIENTE\\vendor\\laravel\\framework\\src\\Illuminate\\Database\\Connectors\\Connector.php(65): PDO->__construct('mysql:host=127....', 'root', Object(SensitiveParameterValue), Array)
#1 C:\\Users\\Zuccoli\\Desktop\\Garoto de Programa\\Trabalho\\API_REST_CAD_CLIENTE\\vendor\\laravel\\framework\\src\\Illuminate\\Database\\Connectors\\Connector.php(44): Illuminate\\Database\\Connectors\\Connector->createPdoConnection('mysql:host=127....', 'root', '', Array)
#2 C:\\Users\\Zuccoli\\Desktop\\Garoto de Programa\\Trabalho\\API_REST_CAD_CLIENTE\\vendor\\laravel\\framework\\src\\Illuminate\\Database\\Connectors\\MySqlConnector.php(24): Illuminate\\Database\\Connectors\\Connector->createConnection('mysql:host=127....', Array, Array)
#3 C:\\Users\\Zuccoli\\Desktop\\Garoto de Programa\\Trabalho\\API_REST_CAD_CLIENTE\\vendor\\laravel\\framework\\src\\Illuminate\\Database\\Connectors\\ConnectionFactory.php(184): Illuminate\\Database\\Connectors\\MySqlConnector->connect(Array)
#4 [internal function]: Illuminate\\Database\\Connectors\\ConnectionFactory->Illuminate\\Database\\Connectors\\{closure}()
#5 C:\\Users\\Zuccoli\\Desktop\\Garoto de Programa\\Trabalho\\API_REST_CAD_CLIENTE\\vendor\\laravel\\framework\\src\\Illuminate\\Database\\Connection.php(1275): call_user_func(Object(Closure))
#6 C:\\Users\\Zuccoli\\Desktop\\Garoto de Programa\\Trabalho\\API_REST_CAD_CLIENTE\\vendor\\laravel\\framework\\src\\Illuminate\\Database\\Connection.php(521): Illuminate\\Database\\Connection->getPdo()
#7 C:\\Users\\Zuccoli\\Desktop\\Garoto de Programa\\Trabalho\\API_REST_CAD_CLIENTE\\vendor\\laravel\\framework\\src\\Illuminate\\Database\\Connection.php(416): Illuminate\\Database\\Connection->getPdoForSelect(false)
#8 C:\\Users\\Zuccoli\\Desktop\\Garoto de Programa\\Trabalho\\API_REST_CAD_CLIENTE\\vendor\\laravel\\framework\\src\\Illuminate\\Database\\Connection.php(788): Illuminate\\Database\\Connection->Illuminate\\Database\\{closure}('select * from i...', Array)
#9 C:\\Users\\Zuccoli\\Desktop\\Garoto de Programa\\Trabalho\\API_REST_CAD_CLIENTE\\vendor\\laravel\\framework\\src\\Illuminate\\Database\\Connection.php(755): Illuminate\\Database\\Connection->runQueryCallback('select * from i...', Array, Object(Closure))
#10 C:\\Users\\Zuccoli\\Desktop\\Garoto de Programa\\Trabalho\\API_REST_CAD_CLIENTE\\vendor\\laravel\\framework\\src\\Illuminate\\Database\\Connection.php(407): Illuminate\\Database\\Connection->run('select * from i...', Array, Object(Closure))
#11 C:\\Users\\Zuccoli\\Desktop\\Garoto de Programa\\Trabalho\\API_REST_CAD_CLIENTE\\vendor\\laravel\\framework\\src\\Illuminate\\Database\\Connection.php(394): Illuminate\\Database\\Connection->select('select * from i...', Array, false)
#12 C:\\Users\\Zuccoli\\Desktop\\Garoto de Programa\\Trabalho\\API_REST_CAD_CLIENTE\\vendor\\laravel\\framework\\src\\Illuminate\\Database\\Schema\\MySqlBuilder.php(43): Illuminate\\Database\\Connection->selectFromWriteConnection('select * from i...', Array)
#13 C:\\Users\\Zuccoli\\Desktop\\Garoto de Programa\\Trabalho\\API_REST_CAD_CLIENTE\\vendor\\laravel\\framework\\src\\Illuminate\\Database\\Migrations\\DatabaseMigrationRepository.php(184): Illuminate\\Database\\Schema\\MySqlBuilder->hasTable('migrations')
#14 C:\\Users\\Zuccoli\\Desktop\\Garoto de Programa\\Trabalho\\API_REST_CAD_CLIENTE\\vendor\\laravel\\framework\\src\\Illuminate\\Database\\Migrations\\Migrator.php(700): Illuminate\\Database\\Migrations\\DatabaseMigrationRepository->repositoryExists()
#15 C:\\Users\\Zuccoli\\Desktop\\Garoto de Programa\\Trabalho\\API_REST_CAD_CLIENTE\\vendor\\laravel\\framework\\src\\Illuminate\\Database\\Console\\Migrations\\MigrateCommand.php(138): Illuminate\\Database\\Migrations\\Migrator->repositoryExists()
#16 C:\\Users\\Zuccoli\\Desktop\\Garoto de Programa\\Trabalho\\API_REST_CAD_CLIENTE\\vendor\\laravel\\framework\\src\\Illuminate\\Support\\helpers.php(248): Illuminate\\Database\\Console\\Migrations\\MigrateCommand->Illuminate\\Database\\Console\\Migrations\\{closure}(1)
#17 C:\\Users\\Zuccoli\\Desktop\\Garoto de Programa\\Trabalho\\API_REST_CAD_CLIENTE\\vendor\\laravel\\framework\\src\\Illuminate\\Database\\Console\\Migrations\\MigrateCommand.php(138): retry(1, Object(Closure), 0, Object(Closure))
#18 C:\\Users\\Zuccoli\\Desktop\\Garoto de Programa\\Trabalho\\API_REST_CAD_CLIENTE\\vendor\\laravel\\framework\\src\\Illuminate\\Database\\Console\\Migrations\\MigrateCommand.php(114): Illuminate\\Database\\Console\\Migrations\\MigrateCommand->repositoryExists()
#19 C:\\Users\\Zuccoli\\Desktop\\Garoto de Programa\\Trabalho\\API_REST_CAD_CLIENTE\\vendor\\laravel\\framework\\src\\Illuminate\\Database\\Console\\Migrations\\MigrateCommand.php(82): Illuminate\\Database\\Console\\Migrations\\MigrateCommand->prepareDatabase()
#20 C:\\Users\\Zuccoli\\Desktop\\Garoto de Programa\\Trabalho\\API_REST_CAD_CLIENTE\\vendor\\laravel\\framework\\src\\Illuminate\\Database\\Migrations\\Migrator.php(633): Illuminate\\Database\\Console\\Migrations\\MigrateCommand->Illuminate\\Database\\Console\\Migrations\\{closure}()
#21 C:\\Users\\Zuccoli\\Desktop\\Garoto de Programa\\Trabalho\\API_REST_CAD_CLIENTE\\vendor\\laravel\\framework\\src\\Illuminate\\Database\\Console\\Migrations\\MigrateCommand.php(81): Illuminate\\Database\\Migrations\\Migrator->usingConnection(NULL, Object(Closure))
#22 C:\\Users\\Zuccoli\\Desktop\\Garoto de Programa\\Trabalho\\API_REST_CAD_CLIENTE\\vendor\\laravel\\framework\\src\\Illuminate\\Container\\BoundMethod.php(36): Illuminate\\Database\\Console\\Migrations\\MigrateCommand->handle()
#23 C:\\Users\\Zuccoli\\Desktop\\Garoto de Programa\\Trabalho\\API_REST_CAD_CLIENTE\\vendor\\laravel\\framework\\src\\Illuminate\\Container\\Util.php(41): Illuminate\\Container\\BoundMethod::Illuminate\\Container\\{closure}()
#24 C:\\Users\\Zuccoli\\Desktop\\Garoto de Programa\\Trabalho\\API_REST_CAD_CLIENTE\\vendor\\laravel\\framework\\src\\Illuminate\\Container\\BoundMethod.php(93): Illuminate\\Container\\Util::unwrapIfClosure(Object(Closure))
#25 C:\\Users\\Zuccoli\\Desktop\\Garoto de Programa\\Trabalho\\API_REST_CAD_CLIENTE\\vendor\\laravel\\framework\\src\\Illuminate\\Container\\BoundMethod.php(35): Illuminate\\Container\\BoundMethod::callBoundMethod(Object(Illuminate\\Foundation\\Application), Array, Object(Closure))
#26 C:\\Users\\Zuccoli\\Desktop\\Garoto de Programa\\Trabalho\\API_REST_CAD_CLIENTE\\vendor\\laravel\\framework\\src\\Illuminate\\Container\\Container.php(662): Illuminate\\Container\\BoundMethod::call(Object(Illuminate\\Foundation\\Application), Array, Array, NULL)
#27 C:\\Users\\Zuccoli\\Desktop\\Garoto de Programa\\Trabalho\\API_REST_CAD_CLIENTE\\vendor\\laravel\\framework\\src\\Illuminate\\Console\\Command.php(208): Illuminate\\Container\\Container->call(Array)
#28 C:\\Users\\Zuccoli\\Desktop\\Garoto de Programa\\Trabalho\\API_REST_CAD_CLIENTE\\vendor\\symfony\\console\\Command\\Command.php(326): Illuminate\\Console\\Command->execute(Object(Symfony\\Component\\Console\\Input\\ArgvInput), Object(Illuminate\\Console\\OutputStyle))
#29 C:\\Users\\Zuccoli\\Desktop\\Garoto de Programa\\Trabalho\\API_REST_CAD_CLIENTE\\vendor\\laravel\\framework\\src\\Illuminate\\Console\\Command.php(177): Symfony\\Component\\Console\\Command\\Command->run(Object(Symfony\\Component\\Console\\Input\\ArgvInput), Object(Illuminate\\Console\\OutputStyle))
#30 C:\\Users\\Zuccoli\\Desktop\\Garoto de Programa\\Trabalho\\API_REST_CAD_CLIENTE\\vendor\\symfony\\console\\Application.php(1081): Illuminate\\Console\\Command->run(Object(Symfony\\Component\\Console\\Input\\ArgvInput), Object(Symfony\\Component\\Console\\Output\\ConsoleOutput))
#31 C:\\Users\\Zuccoli\\Desktop\\Garoto de Programa\\Trabalho\\API_REST_CAD_CLIENTE\\vendor\\symfony\\console\\Application.php(320): Symfony\\Component\\Console\\Application->doRunCommand(Object(Illuminate\\Database\\Console\\Migrations\\MigrateCommand), Object(Symfony\\Component\\Console\\Input\\ArgvInput), Object(Symfony\\Component\\Console\\Output\\ConsoleOutput))
#32 C:\\Users\\Zuccoli\\Desktop\\Garoto de Programa\\Trabalho\\API_REST_CAD_CLIENTE\\vendor\\symfony\\console\\Application.php(174): Symfony\\Component\\Console\\Application->doRun(Object(Symfony\\Component\\Console\\Input\\ArgvInput), Object(Symfony\\Component\\Console\\Output\\ConsoleOutput))
#33 C:\\Users\\Zuccoli\\Desktop\\Garoto de Programa\\Trabalho\\API_REST_CAD_CLIENTE\\vendor\\laravel\\framework\\src\\Illuminate\\Foundation\\Console\\Kernel.php(200): Symfony\\Component\\Console\\Application->run(Object(Symfony\\Component\\Console\\Input\\ArgvInput), Object(Symfony\\Component\\Console\\Output\\ConsoleOutput))
#34 C:\\Users\\Zuccoli\\Desktop\\Garoto de Programa\\Trabalho\\API_REST_CAD_CLIENTE\\artisan(35): Illuminate\\Foundation\\Console\\Kernel->handle(Object(Symfony\\Component\\Console\\Input\\ArgvInput), Object(Symfony\\Component\\Console\\Output\\ConsoleOutput))
#35 {main}
"} 
[2023-07-10 22:35:23] local.ERROR: Command "make:migrate" is not defined.

Did you mean one of these?
    make:cast
    make:channel
    make:command
    make:component
    make:controller
    make:event
    make:exception
    make:factory
    make:job
    make:listener
    make:mail
    make:middleware
    make:migration
    make:model
    make:notification
    make:observer
    make:policy
    make:provider
    make:request
    make:resource
    make:rule
    make:scope
    make:seeder
    make:test {"exception":"[object] (Symfony\\Component\\Console\\Exception\\CommandNotFoundException(code: 0): Command \"make:migrate\" is not defined.

Did you mean one of these?
    make:cast
    make:channel
    make:command
    make:component
    make:controller
    make:event
    make:exception
    make:factory
    make:job
    make:listener
    make:mail
    make:middleware
    make:migration
    make:model
    make:notification
    make:observer
    make:policy
    make:provider
    make:request
    make:resource
    make:rule
    make:scope
    make:seeder
    make:test at C:\\Users\\Zuccoli\\Desktop\\Garoto de Programa\\Trabalho\\API_REST_CAD_CLIENTE\\vendor\\symfony\\console\\Application.php:725)
[stacktrace]
#0 C:\\Users\\Zuccoli\\Desktop\\Garoto de Programa\\Trabalho\\API_REST_CAD_CLIENTE\\vendor\\symfony\\console\\Application.php(262): Symfony\\Component\\Console\\Application->find('make:migrate')
#1 C:\\Users\\Zuccoli\\Desktop\\Garoto de Programa\\Trabalho\\API_REST_CAD_CLIENTE\\vendor\\symfony\\console\\Application.php(174): Symfony\\Component\\Console\\Application->doRun(Object(Symfony\\Component\\Console\\Input\\ArgvInput), Object(Symfony\\Component\\Console\\Output\\ConsoleOutput))
#2 C:\\Users\\Zuccoli\\Desktop\\Garoto de Programa\\Trabalho\\API_REST_CAD_CLIENTE\\vendor\\laravel\\framework\\src\\Illuminate\\Foundation\\Console\\Kernel.php(200): Symfony\\Component\\Console\\Application->run(Object(Symfony\\Component\\Console\\Input\\ArgvInput), Object(Symfony\\Component\\Console\\Output\\ConsoleOutput))
#3 C:\\Users\\Zuccoli\\Desktop\\Garoto de Programa\\Trabalho\\API_REST_CAD_CLIENTE\\artisan(35): Illuminate\\Foundation\\Console\\Kernel->handle(Object(Symfony\\Component\\Console\\Input\\ArgvInput), Object(Symfony\\Component\\Console\\Output\\ConsoleOutput))
#4 {main}
"} 
